2025-11-26 15:59:28,421: INFO: Model has been tested with data.
Confusion Matrix: 
[[4606   46    1    7    6    0]
 [  84 5262    8    4    3    1]
 [ 114  470  707   10    3    0]
 [ 214  114    0 1808   23    0]
 [ 236  150    0   29 1520    2]
 [ 169  210    0   10   69  114]]
 Classification Report: 
              precision    recall  f1-score   support

           0       0.85      0.99      0.91      4666
           1       0.84      0.98      0.91      5362
           2       0.99      0.54      0.70      1304
           3       0.97      0.84      0.90      2159
           4       0.94      0.78      0.85      1937
           5       0.97      0.20      0.33       572

    accuracy                           0.88     16000
   macro avg       0.93      0.72      0.77     16000
weighted avg       0.89      0.88      0.86     16000


2025-11-26 15:59:28,801: INFO: Model has been tested with data.
Confusion Matrix: 
[[4606   46    1    7    6    0]
 [  84 5262    8    4    3    1]
 [ 114  470  707   10    3    0]
 [ 214  114    0 1808   23    0]
 [ 236  150    0   29 1520    2]
 [ 169  210    0   10   69  114]]
 Classification Report: 
              precision    recall  f1-score   support

           0       0.85      0.99      0.91      4666
           1       0.84      0.98      0.91      5362
           2       0.99      0.54      0.70      1304
           3       0.97      0.84      0.90      2159
           4       0.94      0.78      0.85      1937
           5       0.97      0.20      0.33       572

    accuracy                           0.88     16000
   macro avg       0.93      0.72      0.77     16000
weighted avg       0.89      0.88      0.86     16000


2025-11-26 16:02:10,292: INFO: Model has been tested with data.
Confusion Matrix: 
[[4606   46    1    7    6    0]
 [  84 5262    8    4    3    1]
 [ 114  470  707   10    3    0]
 [ 214  114    0 1808   23    0]
 [ 236  150    0   29 1520    2]
 [ 169  210    0   10   69  114]]
 Classification Report: 
              precision    recall  f1-score   support

           0       0.85      0.99      0.91      4666
           1       0.84      0.98      0.91      5362
           2       0.99      0.54      0.70      1304
           3       0.97      0.84      0.90      2159
           4       0.94      0.78      0.85      1937
           5       0.97      0.20      0.33       572

    accuracy                           0.88     16000
   macro avg       0.93      0.72      0.77     16000
weighted avg       0.89      0.88      0.86     16000


2025-11-26 16:02:10,649: INFO: Model has been tested with data.
Confusion Matrix: 
[[4606   46    1    7    6    0]
 [  84 5262    8    4    3    1]
 [ 114  470  707   10    3    0]
 [ 214  114    0 1808   23    0]
 [ 236  150    0   29 1520    2]
 [ 169  210    0   10   69  114]]
 Classification Report: 
              precision    recall  f1-score   support

           0       0.85      0.99      0.91      4666
           1       0.84      0.98      0.91      5362
           2       0.99      0.54      0.70      1304
           3       0.97      0.84      0.90      2159
           4       0.94      0.78      0.85      1937
           5       0.97      0.20      0.33       572

    accuracy                           0.88     16000
   macro avg       0.93      0.72      0.77     16000
weighted avg       0.89      0.88      0.86     16000


