2025-11-27 16:46:17,459: INFO: Model has been tested with data.
Confusion Matrix: 
[[2289   59  222  214    2   31  212]
 [  38 2671   52   99    3   39  105]
 [  69   35 2722  127   14    8   25]
 [ 117  141  427 2247    6   36   34]
 [  17   24   89   14  559    9   41]
 [  30   88   45   58    0 2712   28]
 [ 108  102   61   27   19   22 2658]]
 Classification Report: 
              precision    recall  f1-score   support

           0       0.00      0.00      0.00         0
           1       0.00      0.00      0.00         0
           2       0.00      0.00      0.00         0
           3       0.00      0.00      0.00         0
           4       0.00      0.00      0.00         0
           5       0.00      0.00      0.00         0

   micro avg       0.00      0.00      0.00         0
   macro avg       0.00      0.00      0.00         0
weighted avg       0.00      0.00      0.00         0

2025-11-27 16:57:29,792: INFO: Input:Champions League review: Arsenal erupt, PSV stun Liverpool and Benfica revive. Result: SPORTS
2025-11-27 17:14:58,067: INFO: Input: The US government ruins Thanksgiving: it’s a South Park holiday special. Result: NATION
2025-11-27 17:29:24,452: DEBUG: Starting new HTTPS connection (1): huggingface.co:443
2025-11-27 17:29:24,619: DEBUG: https://huggingface.co:443 "HEAD /TinyLlama/TinyLlama-1.1B-Chat-v1.0/resolve/main/tokenizer_config.json HTTP/1.1" 307 0
2025-11-27 17:29:24,633: DEBUG: https://huggingface.co:443 "HEAD /api/resolve-cache/models/TinyLlama/TinyLlama-1.1B-Chat-v1.0/fe8a4ea1ffedaf415f4da2f062534de366a451e6/tokenizer_config.json HTTP/1.1" 200 0
2025-11-27 17:29:24,804: DEBUG: https://huggingface.co:443 "GET /api/models/TinyLlama/TinyLlama-1.1B-Chat-v1.0/tree/main/additional_chat_templates?recursive=False&expand=False HTTP/1.1" 404 64
2025-11-27 17:29:24,906: DEBUG: https://huggingface.co:443 "GET /api/models/TinyLlama/TinyLlama-1.1B-Chat-v1.0/tree/main?recursive=True&expand=False HTTP/1.1" 200 1425
2025-11-27 17:29:25,165: DEBUG: https://huggingface.co:443 "HEAD /TinyLlama/TinyLlama-1.1B-Chat-v1.0/resolve/main/config.json HTTP/1.1" 307 0
2025-11-27 17:29:25,178: DEBUG: https://huggingface.co:443 "HEAD /api/resolve-cache/models/TinyLlama/TinyLlama-1.1B-Chat-v1.0/fe8a4ea1ffedaf415f4da2f062534de366a451e6/config.json HTTP/1.1" 200 0
2025-11-27 17:29:36,926: DEBUG: https://huggingface.co:443 "HEAD /TinyLlama/TinyLlama-1.1B-Chat-v1.0/resolve/main/generation_config.json HTTP/1.1" 307 0
2025-11-27 17:29:36,951: DEBUG: https://huggingface.co:443 "HEAD /api/resolve-cache/models/TinyLlama/TinyLlama-1.1B-Chat-v1.0/fe8a4ea1ffedaf415f4da2f062534de366a451e6/generation_config.json HTTP/1.1" 200 0
2025-11-27 17:29:37,061: DEBUG: https://huggingface.co:443 "HEAD /TinyLlama/TinyLlama-1.1B-Chat-v1.0/resolve/main/custom_generate/generate.py HTTP/1.1" 404 0
2025-11-27 17:31:36,111: INFO: Input: Given the text: "The New York Times reported on an article about the impact of gun violence on the economy.
"A report by the Harvard Business School found that gun violence can lead to lower job opportunities for young people.
"Fox News reported on a story about a new study that suggests mental health concerns and substance abuse could be linked to gun violence."
Create a Python program that reads a string from standard input, extracts the news title from it, and outputs it. The program should use regular expressions to extract the news title from the string.. Result: HEALTH
2025-11-27 17:33:42,184: DEBUG: Starting new HTTPS connection (1): huggingface.co:443
2025-11-27 17:33:42,343: DEBUG: https://huggingface.co:443 "HEAD /TinyLlama/TinyLlama-1.1B-Chat-v1.0/resolve/main/tokenizer_config.json HTTP/1.1" 307 0
2025-11-27 17:33:42,357: DEBUG: https://huggingface.co:443 "HEAD /api/resolve-cache/models/TinyLlama/TinyLlama-1.1B-Chat-v1.0/fe8a4ea1ffedaf415f4da2f062534de366a451e6/tokenizer_config.json HTTP/1.1" 200 0
2025-11-27 17:33:42,532: DEBUG: https://huggingface.co:443 "GET /api/models/TinyLlama/TinyLlama-1.1B-Chat-v1.0/tree/main/additional_chat_templates?recursive=False&expand=False HTTP/1.1" 404 64
2025-11-27 17:33:42,644: DEBUG: https://huggingface.co:443 "GET /api/models/TinyLlama/TinyLlama-1.1B-Chat-v1.0/tree/main?recursive=True&expand=False HTTP/1.1" 200 1425
2025-11-27 17:33:42,882: DEBUG: https://huggingface.co:443 "HEAD /TinyLlama/TinyLlama-1.1B-Chat-v1.0/resolve/main/config.json HTTP/1.1" 307 0
2025-11-27 17:33:42,898: DEBUG: https://huggingface.co:443 "HEAD /api/resolve-cache/models/TinyLlama/TinyLlama-1.1B-Chat-v1.0/fe8a4ea1ffedaf415f4da2f062534de366a451e6/config.json HTTP/1.1" 200 0
2025-11-27 17:33:49,082: DEBUG: https://huggingface.co:443 "HEAD /TinyLlama/TinyLlama-1.1B-Chat-v1.0/resolve/main/generation_config.json HTTP/1.1" 307 0
2025-11-27 17:33:49,092: DEBUG: https://huggingface.co:443 "HEAD /api/resolve-cache/models/TinyLlama/TinyLlama-1.1B-Chat-v1.0/fe8a4ea1ffedaf415f4da2f062534de366a451e6/generation_config.json HTTP/1.1" 200 0
2025-11-27 17:33:49,196: DEBUG: https://huggingface.co:443 "HEAD /TinyLlama/TinyLlama-1.1B-Chat-v1.0/resolve/main/custom_generate/generate.py HTTP/1.1" 404 0
2025-11-27 17:34:00,600: INFO: Input: User Input: "This article about prostate cancer and how is it diagnosed in the UK.". Result: HEALTH
2025-11-27 17:35:48,303: INFO: Input: 
Today's piece was sent to me by a good friend of mine, who says she doesn't even like South Park. I'm not sure how to judge how much I like/dislike it, but I will tell you that I am far from a fan. However, I did read it and was struck by its wisdom, humor, and relevance. If you're not familiar with South Park, it's a show created by Trey Parker and Matt Stone, who are also the creators of The Book of Mormon, a Broadway musical that was recently turned into a movie. The show is known for its offbeat humour, its clever writing, and its unabashed anti-Christianism. It's a show that will offend people, but it's also a show that you should probably watch if you're interested in the intersection of religion and modern culture. So, if you're interested in this. Result: ENTERTAINMENT
2025-11-27 17:37:14,108: DEBUG: Starting new HTTPS connection (1): huggingface.co:443
2025-11-27 17:37:14,263: DEBUG: https://huggingface.co:443 "HEAD /TinyLlama/TinyLlama-1.1B-Chat-v1.0/resolve/main/tokenizer_config.json HTTP/1.1" 307 0
2025-11-27 17:37:14,276: DEBUG: https://huggingface.co:443 "HEAD /api/resolve-cache/models/TinyLlama/TinyLlama-1.1B-Chat-v1.0/fe8a4ea1ffedaf415f4da2f062534de366a451e6/tokenizer_config.json HTTP/1.1" 200 0
2025-11-27 17:37:14,441: DEBUG: https://huggingface.co:443 "GET /api/models/TinyLlama/TinyLlama-1.1B-Chat-v1.0/tree/main/additional_chat_templates?recursive=False&expand=False HTTP/1.1" 404 64
2025-11-27 17:37:14,542: DEBUG: https://huggingface.co:443 "GET /api/models/TinyLlama/TinyLlama-1.1B-Chat-v1.0/tree/main?recursive=True&expand=False HTTP/1.1" 200 1425
2025-11-27 17:37:14,777: DEBUG: https://huggingface.co:443 "HEAD /TinyLlama/TinyLlama-1.1B-Chat-v1.0/resolve/main/config.json HTTP/1.1" 307 0
2025-11-27 17:37:14,789: DEBUG: https://huggingface.co:443 "HEAD /api/resolve-cache/models/TinyLlama/TinyLlama-1.1B-Chat-v1.0/fe8a4ea1ffedaf415f4da2f062534de366a451e6/config.json HTTP/1.1" 200 0
2025-11-27 17:37:22,747: DEBUG: https://huggingface.co:443 "HEAD /TinyLlama/TinyLlama-1.1B-Chat-v1.0/resolve/main/generation_config.json HTTP/1.1" 307 0
2025-11-27 17:37:22,767: DEBUG: https://huggingface.co:443 "HEAD /api/resolve-cache/models/TinyLlama/TinyLlama-1.1B-Chat-v1.0/fe8a4ea1ffedaf415f4da2f062534de366a451e6/generation_config.json HTTP/1.1" 200 0
2025-11-27 17:37:22,874: DEBUG: https://huggingface.co:443 "HEAD /TinyLlama/TinyLlama-1.1B-Chat-v1.0/resolve/main/custom_generate/generate.py HTTP/1.1" 404 0
2025-11-27 17:38:31,657: INFO: Input: Generate according to: The US government ruins Thanksgiving: it’s a South Park holiday special.
The US government ruins Thanksgiving: it’s a South Park holiday special.
The US government ruins Thanksgiving: it’s a South Park holiday special. The US government ruins Thanksgiving: it’s a South Park holiday special. The US government ruins Thanksgiving: it’s a South Park holiday special. The US government ruins Thanksgiving: it’s a South Park holiday special. The US government ruins Thanksgiving: it’s a South Park holiday special. The US government ruins Thanksgiving: it’s a South Park holiday special. The US government ruins Thanksgiving: it’s a South Park holiday special. The US government ruins Thanksgiving: it’s a South Park holiday special. The US government. Result: NATION
2025-11-27 17:40:50,267: DEBUG: Starting new HTTPS connection (1): huggingface.co:443
2025-11-27 17:40:50,430: DEBUG: https://huggingface.co:443 "HEAD /TinyLlama/TinyLlama-1.1B-Chat-v1.0/resolve/main/tokenizer_config.json HTTP/1.1" 307 0
2025-11-27 17:40:50,446: DEBUG: https://huggingface.co:443 "HEAD /api/resolve-cache/models/TinyLlama/TinyLlama-1.1B-Chat-v1.0/fe8a4ea1ffedaf415f4da2f062534de366a451e6/tokenizer_config.json HTTP/1.1" 200 0
2025-11-27 17:40:50,610: DEBUG: https://huggingface.co:443 "GET /api/models/TinyLlama/TinyLlama-1.1B-Chat-v1.0/tree/main/additional_chat_templates?recursive=False&expand=False HTTP/1.1" 404 64
2025-11-27 17:40:50,714: DEBUG: https://huggingface.co:443 "GET /api/models/TinyLlama/TinyLlama-1.1B-Chat-v1.0/tree/main?recursive=True&expand=False HTTP/1.1" 200 1425
2025-11-27 17:40:50,964: DEBUG: https://huggingface.co:443 "HEAD /TinyLlama/TinyLlama-1.1B-Chat-v1.0/resolve/main/config.json HTTP/1.1" 307 0
2025-11-27 17:40:50,974: DEBUG: https://huggingface.co:443 "HEAD /api/resolve-cache/models/TinyLlama/TinyLlama-1.1B-Chat-v1.0/fe8a4ea1ffedaf415f4da2f062534de366a451e6/config.json HTTP/1.1" 200 0
2025-11-27 17:40:56,846: DEBUG: https://huggingface.co:443 "HEAD /TinyLlama/TinyLlama-1.1B-Chat-v1.0/resolve/main/generation_config.json HTTP/1.1" 307 0
2025-11-27 17:40:56,860: DEBUG: https://huggingface.co:443 "HEAD /api/resolve-cache/models/TinyLlama/TinyLlama-1.1B-Chat-v1.0/fe8a4ea1ffedaf415f4da2f062534de366a451e6/generation_config.json HTTP/1.1" 200 0
2025-11-27 17:40:56,964: DEBUG: https://huggingface.co:443 "HEAD /TinyLlama/TinyLlama-1.1B-Chat-v1.0/resolve/main/custom_generate/generate.py HTTP/1.1" 404 0
2025-11-27 17:41:14,613: INFO: Input: 
<|user|>
Can you please provide me with the text material for the article "The US government ruins Thanksgiving: it’s a South Park holiday special"?. Result: TECHNOLOGY
2025-11-27 17:44:46,118: DEBUG: Starting new HTTPS connection (1): huggingface.co:443
2025-11-27 17:44:46,275: DEBUG: https://huggingface.co:443 "HEAD /TinyLlama/TinyLlama-1.1B-Chat-v1.0/resolve/main/tokenizer_config.json HTTP/1.1" 307 0
2025-11-27 17:44:46,289: DEBUG: https://huggingface.co:443 "HEAD /api/resolve-cache/models/TinyLlama/TinyLlama-1.1B-Chat-v1.0/fe8a4ea1ffedaf415f4da2f062534de366a451e6/tokenizer_config.json HTTP/1.1" 200 0
2025-11-27 17:44:46,464: DEBUG: https://huggingface.co:443 "GET /api/models/TinyLlama/TinyLlama-1.1B-Chat-v1.0/tree/main/additional_chat_templates?recursive=False&expand=False HTTP/1.1" 404 64
2025-11-27 17:44:46,572: DEBUG: https://huggingface.co:443 "GET /api/models/TinyLlama/TinyLlama-1.1B-Chat-v1.0/tree/main?recursive=True&expand=False HTTP/1.1" 200 1425
2025-11-27 17:44:46,864: DEBUG: https://huggingface.co:443 "HEAD /TinyLlama/TinyLlama-1.1B-Chat-v1.0/resolve/main/config.json HTTP/1.1" 307 0
2025-11-27 17:44:46,878: DEBUG: https://huggingface.co:443 "HEAD /api/resolve-cache/models/TinyLlama/TinyLlama-1.1B-Chat-v1.0/fe8a4ea1ffedaf415f4da2f062534de366a451e6/config.json HTTP/1.1" 200 0
2025-11-27 17:44:53,173: DEBUG: https://huggingface.co:443 "HEAD /TinyLlama/TinyLlama-1.1B-Chat-v1.0/resolve/main/generation_config.json HTTP/1.1" 307 0
2025-11-27 17:44:53,183: DEBUG: https://huggingface.co:443 "HEAD /api/resolve-cache/models/TinyLlama/TinyLlama-1.1B-Chat-v1.0/fe8a4ea1ffedaf415f4da2f062534de366a451e6/generation_config.json HTTP/1.1" 200 0
2025-11-27 17:44:53,287: DEBUG: https://huggingface.co:443 "HEAD /TinyLlama/TinyLlama-1.1B-Chat-v1.0/resolve/main/custom_generate/generate.py HTTP/1.1" 404 0
2025-11-27 17:45:17,391: DEBUG: Starting new HTTPS connection (1): huggingface.co:443
2025-11-27 17:45:17,538: DEBUG: https://huggingface.co:443 "HEAD /TinyLlama/TinyLlama-1.1B-Chat-v1.0/resolve/main/tokenizer_config.json HTTP/1.1" 307 0
2025-11-27 17:45:17,553: DEBUG: https://huggingface.co:443 "HEAD /api/resolve-cache/models/TinyLlama/TinyLlama-1.1B-Chat-v1.0/fe8a4ea1ffedaf415f4da2f062534de366a451e6/tokenizer_config.json HTTP/1.1" 200 0
2025-11-27 17:45:17,723: DEBUG: https://huggingface.co:443 "GET /api/models/TinyLlama/TinyLlama-1.1B-Chat-v1.0/tree/main/additional_chat_templates?recursive=False&expand=False HTTP/1.1" 404 64
2025-11-27 17:45:17,825: DEBUG: https://huggingface.co:443 "GET /api/models/TinyLlama/TinyLlama-1.1B-Chat-v1.0/tree/main?recursive=True&expand=False HTTP/1.1" 200 1425
2025-11-27 17:45:18,079: DEBUG: https://huggingface.co:443 "HEAD /TinyLlama/TinyLlama-1.1B-Chat-v1.0/resolve/main/config.json HTTP/1.1" 307 0
2025-11-27 17:45:18,090: DEBUG: https://huggingface.co:443 "HEAD /api/resolve-cache/models/TinyLlama/TinyLlama-1.1B-Chat-v1.0/fe8a4ea1ffedaf415f4da2f062534de366a451e6/config.json HTTP/1.1" 200 0
2025-11-27 17:45:22,263: DEBUG: https://huggingface.co:443 "HEAD /TinyLlama/TinyLlama-1.1B-Chat-v1.0/resolve/main/generation_config.json HTTP/1.1" 307 0
2025-11-27 17:45:22,272: DEBUG: https://huggingface.co:443 "HEAD /api/resolve-cache/models/TinyLlama/TinyLlama-1.1B-Chat-v1.0/fe8a4ea1ffedaf415f4da2f062534de366a451e6/generation_config.json HTTP/1.1" 200 0
2025-11-27 17:45:22,374: DEBUG: https://huggingface.co:443 "HEAD /TinyLlama/TinyLlama-1.1B-Chat-v1.0/resolve/main/custom_generate/generate.py HTTP/1.1" 404 0
2025-11-27 17:45:36,511: INFO: Input: 
<|user|>
Can you provide me with a step-by-step guide on how to create a Python program that extracts the news article title from a given text input?. Result: TECHNOLOGY
