2025-11-27 10:36:57,642: INFO: Model has been tested with data.
Confusion Matrix: 
[[518  38   1  13   8   3]
 [ 25 629  23   7   3   8]
 [  5  56  96   2   0   0]
 [ 23  29   1 216   5   1]
 [ 17   9   1   9 175  13]
 [  0  16   0   1  10  39]]
 Classification Report: 
              precision    recall  f1-score   support

           0       0.88      0.89      0.89       581
           1       0.81      0.91      0.85       695
           2       0.79      0.60      0.68       159
           3       0.87      0.79      0.83       275
           4       0.87      0.78      0.82       224
           5       0.61      0.59      0.60        66

    accuracy                           0.84      2000
   macro avg       0.80      0.76      0.78      2000
weighted avg       0.84      0.84      0.83      2000


2025-11-27 10:38:31,432: INFO: Model has been tested with data.
Confusion Matrix: 
[[517  39   3  12   8   2]
 [ 16 645  19   5   2   8]
 [  3  52 101   2   1   0]
 [ 15  20   1 231   7   1]
 [ 17   8   0  10 180   9]
 [  2   9   0   0  13  42]]
 Classification Report: 
              precision    recall  f1-score   support

           0       0.91      0.89      0.90       581
           1       0.83      0.93      0.88       695
           2       0.81      0.64      0.71       159
           3       0.89      0.84      0.86       275
           4       0.85      0.80      0.83       224
           5       0.68      0.64      0.66        66

    accuracy                           0.86      2000
   macro avg       0.83      0.79      0.81      2000
weighted avg       0.86      0.86      0.86      2000


2025-11-27 10:42:20,365: INFO: Model has been tested with data.
Confusion Matrix: 
[[534  25   3  13   4   2]
 [ 14 646  23   3   2   7]
 [  3  46 105   3   0   2]
 [ 16  22   1 228   6   2]
 [ 16   7   1  10 178  12]
 [  1  11   0   1  16  37]]
 Classification Report: 
              precision    recall  f1-score   support

           0       0.91      0.92      0.92       581
           1       0.85      0.93      0.89       695
           2       0.79      0.66      0.72       159
           3       0.88      0.83      0.86       275
           4       0.86      0.79      0.83       224
           5       0.60      0.56      0.58        66

    accuracy                           0.86      2000
   macro avg       0.82      0.78      0.80      2000
weighted avg       0.86      0.86      0.86      2000


2025-11-27 10:42:20,479: INFO: Model has been tested with data.
Confusion Matrix: 
[[498  28   4   7  10   3]
 [ 14 661  14   6   5   4]
 [  4  36 136   1   0   1]
 [ 27  22   1 220   5   0]
 [ 19  14   0   6 165   8]
 [  3  11   0   1  12  54]]
 Classification Report: 
              precision    recall  f1-score   support

           0       0.88      0.91      0.89       550
           1       0.86      0.94      0.90       704
           2       0.88      0.76      0.82       178
           3       0.91      0.80      0.85       275
           4       0.84      0.78      0.81       212
           5       0.77      0.67      0.72        81

    accuracy                           0.87      2000
   macro avg       0.86      0.81      0.83      2000
weighted avg       0.87      0.87      0.87      2000


2025-11-27 10:45:45,131: INFO: Model has been tested with data.
Confusion Matrix: 
[[521  33   4  16   4   3]
 [ 14 640  22   5   5   9]
 [  5  49 103   2   0   0]
 [ 16  24   1 225   8   1]
 [ 17   9   0   7 186   5]
 [  2  12   0   1  15  36]]
 Classification Report: 
              precision    recall  f1-score   support

           0       0.91      0.90      0.90       581
           1       0.83      0.92      0.88       695
           2       0.79      0.65      0.71       159
           3       0.88      0.82      0.85       275
           4       0.85      0.83      0.84       224
           5       0.67      0.55      0.60        66

    accuracy                           0.86      2000
   macro avg       0.82      0.78      0.80      2000
weighted avg       0.85      0.86      0.85      2000


2025-11-27 10:45:45,234: INFO: Model has been tested with data.
Confusion Matrix: 
[[496  26   4  11   9   4]
 [  9 661  17   7   7   3]
 [  5  42 130   0   0   1]
 [ 21  24   1 220   8   1]
 [ 13  17   0   8 169   5]
 [  3  11   0   3   9  55]]
 Classification Report: 
              precision    recall  f1-score   support

           0       0.91      0.90      0.90       550
           1       0.85      0.94      0.89       704
           2       0.86      0.73      0.79       178
           3       0.88      0.80      0.84       275
           4       0.84      0.80      0.82       212
           5       0.80      0.68      0.73        81

    accuracy                           0.87      2000
   macro avg       0.85      0.81      0.83      2000
weighted avg       0.87      0.87      0.86      2000


